<?xml version="1.0" encoding="UTF-8"?>
<!-- Generated by org.testng.reporters.JUnitXMLReporter -->
<testsuite ignored="2" hostname="DESKTOP-TQM5NJC" failures="0" tests="1" name="Create Portfolio Test" time="27.059" errors="0" timestamp="2021-08-28T06:52:02 PDT">
  <testcase classname="testcases.rediff.PortfolioManagement" name="createPortfolio" time="6.561"/>
  <testcase classname="testcases.rediff.PortfolioManagement" name="deletePortfolio" time="0.0">
    <ignored/>
  </testcase> <!-- deletePortfolio -->
  <testcase classname="testcases.rediff.PortfolioManagement" name="selectPortFolio" time="0.0">
    <ignored/>
  </testcase> <!-- selectPortFolio -->
</testsuite> <!-- Create Portfolio Test -->
