<?xml version="1.0" encoding="UTF-8"?>
<!-- Generated by org.testng.reporters.JUnitXMLReporter -->
<testsuite ignored="2" hostname="DESKTOP-TQM5NJC" failures="1" tests="1" name="Delete Portfolio Test" time="38.939" errors="0" timestamp="2021-08-28T06:52:14 PDT">
  <testcase classname="testcases.rediff.PortfolioManagement" name="deletePortfolio" time="20.156">
    <failure type="org.openqa.selenium.NoSuchElementException" message="Cannot locate option with text: Portfolio10111a
For documentation on this error, please visit: https://selenium.dev/exceptions/#no_such_element
Build info: version: &amp;apos;4.0.0-alpha-7&amp;apos;, revision: &amp;apos;de8579b6d5&amp;apos;
System info: host: &amp;apos;DESKTOP-TQM5NJC&amp;apos;, ip: &amp;apos;192.168.96.1&amp;apos;, os.name: &amp;apos;Windows 10&amp;apos;, os.arch: &amp;apos;amd64&amp;apos;, os.version: &amp;apos;10.0&amp;apos;, java.version: &amp;apos;11.0.11&amp;apos;
Driver info: driver.version: unknown">
      <![CDATA[org.openqa.selenium.NoSuchElementException: Cannot locate option with text: Portfolio10111a
For documentation on this error, please visit: https://selenium.dev/exceptions/#no_such_element
Build info: version: '4.0.0-alpha-7', revision: 'de8579b6d5'
System info: host: 'DESKTOP-TQM5NJC', ip: '192.168.96.1', os.name: 'Windows 10', os.arch: 'amd64', os.version: '10.0', java.version: '11.0.11'
Driver info: driver.version: unknown
at org.openqa.selenium.support.ui.Select.selectByVisibleText(Select.java:151)
at Keywords.GenericKeywords.selectByVisibleText(GenericKeywords.java:115)
at testcases.rediff.PortfolioManagement.deletePortfolio(PortfolioManagement.java:39)
at java.base/java.util.ArrayList.forEach(ArrayList.java:1541)
at java.base/java.util.concurrent.FutureTask.run(FutureTask.java:264)
at java.base/java.util.concurrent.ThreadPoolExecutor.runWorker(ThreadPoolExecutor.java:1128)
at java.base/java.util.concurrent.ThreadPoolExecutor$Worker.run(ThreadPoolExecutor.java:628)
at java.base/java.lang.Thread.run(Thread.java:834)
... Removed 18 stack frames]]>
    </failure>
  </testcase> <!-- deletePortfolio -->
  <testcase classname="testcases.rediff.PortfolioManagement" name="selectPortFolio" time="0.0">
    <ignored/>
  </testcase> <!-- selectPortFolio -->
  <testcase classname="testcases.rediff.PortfolioManagement" name="createPortfolio" time="0.0">
    <ignored/>
  </testcase> <!-- createPortfolio -->
</testsuite> <!-- Delete Portfolio Test -->
