<?xml version="1.0" encoding="UTF-8"?>
<!-- Generated by org.testng.reporters.JUnitXMLReporter -->
<testsuite ignored="2" hostname="DESKTOP-TQM5NJC" failures="0" tests="1" name="Delete Portfolio Test" time="199.22" errors="0" timestamp="2021-08-28T09:25:40 PDT">
  <testcase classname="testcases.rediff.PortfolioManagement" name="deletePortfolio" time="24.949"/>
  <testcase classname="testcases.rediff.PortfolioManagement" name="selectPortFolio" time="0.0">
    <ignored/>
  </testcase> <!-- selectPortFolio -->
  <testcase classname="testcases.rediff.PortfolioManagement" name="createPortfolio" time="0.0">
    <ignored/>
  </testcase> <!-- createPortfolio -->
</testsuite> <!-- Delete Portfolio Test -->
