<?xml version="1.0" encoding="UTF-8"?>
<!-- Generated by org.testng.reporters.JUnitXMLReporter -->
<testsuite ignored="5" hostname="DESKTOP-TQM5NJC" failures="0" tests="5" name="Add New Stock-New Stock-It.1" time="31.891" errors="0" timestamp="2021-09-05T02:11:31 PDT">
  <testcase classname="testcases.rediff.PortfolioManagement" name="selectPortFolio" time="1.063"/>
  <testcase classname="testcases.rediff.StockManagement" name="addNewStock" time="6.917"/>
  <testcase classname="testcases.rediff.StockManagement" name="verifyStockPresent" time="5.217"/>
  <testcase classname="testcases.rediff.StockManagement" name="verifyStockQuantity" time="0.203"/>
  <testcase classname="testcases.rediff.StockManagement" name="verifyTransactionHistory" time="0.572"/>
  <testcase classname="testbase.BaseTest" name="@BeforeTest beforeTest" time="0.0">
    <ignored/>
  </testcase> <!-- @BeforeTest beforeTest -->
  <testcase classname="testcases.rediff.PortfolioManagement" name="deletePortfolio" time="0.0">
    <ignored/>
  </testcase> <!-- deletePortfolio -->
  <testcase classname="testcases.rediff.StockManagement" name="modifyStock" time="0.0">
    <ignored/>
  </testcase> <!-- modifyStock -->
  <testcase classname="testbase.BaseTest" name="@AfterTest quit" time="0.0">
    <ignored/>
  </testcase> <!-- @AfterTest quit -->
  <testcase classname="testcases.rediff.PortfolioManagement" name="createPortfolio" time="0.0">
    <ignored/>
  </testcase> <!-- createPortfolio -->
</testsuite> <!-- Add New Stock-New Stock-It.1 -->
