<?xml version="1.0" encoding="UTF-8"?>
<!-- Generated by org.testng.reporters.JUnitXMLReporter -->
<testsuite ignored="5" hostname="DESKTOP-TQM5NJC" failures="0" tests="5" name="Modify Stock------Sell Existing Stock" time="45.34" errors="0" timestamp="2021-09-03T23:26:26 PDT">
  <testcase classname="testcases.rediff.PortfolioManagement" name="selectPortFolio" time="1.636"/>
  <testcase classname="testcases.rediff.StockManagement" name="verifyStockPresent" time="1.609"/>
  <testcase classname="testcases.rediff.StockManagement" name="modifyStock" time="26.644"/>
  <testcase classname="testcases.rediff.StockManagement" name="verifyStockQuantity" time="0.399"/>
  <testcase classname="testcases.rediff.StockManagement" name="verifyTransactionHistory" time="0.898"/>
  <testcase classname="testbase.BaseTest" name="@BeforeTest beforeTest" time="0.0">
    <ignored/>
  </testcase> <!-- @BeforeTest beforeTest -->
  <testcase classname="testcases.rediff.PortfolioManagement" name="deletePortfolio" time="0.0">
    <ignored/>
  </testcase> <!-- deletePortfolio -->
  <testcase classname="testbase.BaseTest" name="@AfterTest quit" time="0.0">
    <ignored/>
  </testcase> <!-- @AfterTest quit -->
  <testcase classname="testcases.rediff.PortfolioManagement" name="createPortfolio" time="0.0">
    <ignored/>
  </testcase> <!-- createPortfolio -->
  <testcase classname="testcases.rediff.StockManagement" name="addNewStock" time="0.0">
    <ignored/>
  </testcase> <!-- addNewStock -->
</testsuite> <!-- Modify Stock-Sell Existing Stock -->
