<?xml version="1.0" encoding="UTF-8"?>
<!-- Generated by org.testng.reporters.JUnitXMLReporter -->
<testsuite ignored="5" hostname="DESKTOP-TQM5NJC" failures="0" tests="5" name="Modify Stock-Buy Existing Stock-Iteration.2" time="0.013" errors="0" timestamp="2021-09-05T01:07:57 PDT">
  <testcase classname="testbase.BaseTest" name="@BeforeTest beforeTest" time="0.002">
    <failure type="java.lang.NumberFormatException" message="null">
      <![CDATA[java.lang.NumberFormatException: null
at java.base/java.lang.Integer.parseInt(Integer.java:614)
at java.base/java.lang.Integer.parseInt(Integer.java:770)
at testbase.BaseTest.beforeTest(BaseTest.java:44)
at runner.TestNGRunner.run(TestNGRunner.java:86)
at runner.JSONRunner.main(JSONRunner.java:133)
... Removed 21 stack frames]]>
    </failure>
  </testcase> <!-- @BeforeTest beforeTest -->
  <testcase classname="testcases.rediff.PortfolioManagement" name="selectPortFolio" time="0.0">
    <skipped/>
  </testcase> <!-- selectPortFolio -->
  <testcase classname="testcases.rediff.StockManagement" name="verifyStockPresent" time="0.0">
    <skipped/>
  </testcase> <!-- verifyStockPresent -->
  <testcase classname="testcases.rediff.StockManagement" name="modifyStock" time="0.0">
    <skipped/>
  </testcase> <!-- modifyStock -->
  <testcase classname="testcases.rediff.StockManagement" name="verifyStockQuantity" time="0.0">
    <skipped/>
  </testcase> <!-- verifyStockQuantity -->
  <testcase classname="testcases.rediff.StockManagement" name="verifyTransactionHistory" time="0.0">
    <skipped/>
  </testcase> <!-- verifyTransactionHistory -->
  <testcase classname="testbase.BaseTest" name="@BeforeTest beforeTest" time="0.0">
    <ignored/>
  </testcase> <!-- @BeforeTest beforeTest -->
  <testcase classname="testcases.rediff.PortfolioManagement" name="deletePortfolio" time="0.0">
    <ignored/>
  </testcase> <!-- deletePortfolio -->
  <testcase classname="testbase.BaseTest" name="@AfterTest quit" time="0.0">
    <ignored/>
  </testcase> <!-- @AfterTest quit -->
  <testcase classname="testcases.rediff.PortfolioManagement" name="createPortfolio" time="0.0">
    <ignored/>
  </testcase> <!-- createPortfolio -->
  <testcase classname="testcases.rediff.StockManagement" name="addNewStock" time="0.0">
    <ignored/>
  </testcase> <!-- addNewStock -->
</testsuite> <!-- Modify Stock-Buy Existing Stock-Iteration.2 -->
