<?xml version="1.0" encoding="UTF-8" ?>
<testsuite tests="20" failures="1" name="TestSuite" time="86.389" errors="0" skipped="6">
  <properties>
[...]
</properties>
  <testcase classname="testcases.rediff.PortfolioManagement" name="selectPortFolio" time="2.071"/>
  <testcase classname="testcases.rediff.PortfolioManagement" name="selectPortFolio" time="2.015"/>
  <testcase classname="testcases.rediff.StockManagement" name="verifyStockPresent" time="2.58">
    <failure message="The following asserts failed:
	Stock Not present Birla Corporation Ltd" type="java.lang.AssertionError">java.lang.AssertionError: The following asserts failed:
	Stock Not present Birla Corporation Ltd
	at org.testng.asserts.SoftAssert.assertAll(SoftAssert.java:47)
	at org.testng.asserts.SoftAssert.assertAll(SoftAssert.java:31)
	at Keywords.GenericKeywords.assertall(GenericKeywords.java:355)
	at Keywords.GenericKeywords.reportfailure(GenericKeywords.java:348)
	at testcases.rediff.StockManagement.verifyStockPresent(StockManagement.java:77)
</failure>
    <system-out>------------Before Method----------
ABCtable#stock &gt; tbody
DEFtable#stock &gt; tbody
***************************Test FailedverifyStockPresent
The following asserts failed:
	Stock Not present Birla Corporation Ltd
</system-out>
  </testcase>
  <testcase classname="testcases.rediff.StockManagement" name="beforeMethod" time="2.59">
    <skipped/>
    <system-out>------------Before Method----------
</system-out>
  </testcase>
  <testcase classname="testcases.rediff.StockManagement" name="modifyStock" time="0.018">
    <skipped/>
    <system-out>***************************Test Skipped modifyStock
</system-out>
  </testcase>
  <testcase classname="testcases.rediff.StockManagement" name="beforeMethod" time="0.019">
    <skipped/>
    <system-out>------------Before Method----------
</system-out>
  </testcase>
  <testcase classname="testcases.rediff.StockManagement" name="verifyStockQuantity" time="0.001">
    <skipped/>
    <system-out>***************************Test Skipped verifyStockQuantity
</system-out>
  </testcase>
  <testcase classname="testcases.rediff.StockManagement" name="beforeMethod" time="0.003">
    <skipped/>
    <system-out>------------Before Method----------
</system-out>
  </testcase>
  <testcase classname="testcases.rediff.StockManagement" name="verifyTransactionHistory" time="0">
    <skipped/>
    <system-out>***************************Test Skipped verifyTransactionHistory
</system-out>
  </testcase>
  <testcase classname="testcases.rediff.StockManagement" name="addNewStock" time="17.736"/>
  <testcase classname="testcases.rediff.StockManagement" name="verifyStockPresent" time="3.747"/>
  <testcase classname="testcases.rediff.StockManagement" name="verifyStockQuantity" time="1.248"/>
  <testcase classname="testcases.rediff.StockManagement" name="verifyTransactionHistory" time="2.076"/>
  <testcase classname="testcases.rediff.PortfolioManagement" name="createPortfolio" time="9.905"/>
  <testcase classname="testcases.rediff.PortfolioManagement" name="selectPortFolio" time="3.21"/>
  <testcase classname="testcases.rediff.StockManagement" name="verifyStockPresent" time="0.597"/>
  <testcase classname="testcases.rediff.StockManagement" name="modifyStock" time="11.605"/>
  <testcase classname="testcases.rediff.StockManagement" name="verifyStockQuantity" time="0.463"/>
  <testcase classname="testcases.rediff.StockManagement" name="verifyTransactionHistory" time="2.013"/>
  <testcase classname="testcases.rediff.PortfolioManagement" name="deletePortfolio" time="24.492"/>
</testsuite>