<?xml version="1.0" encoding="UTF-8"?>
<!-- Generated by org.testng.reporters.JUnitXMLReporter -->
<testsuite ignored="5" hostname="DESKTOP-TQM5NJC" failures="1" tests="2" name="Create Portfolio Test" time="24.309" errors="0" timestamp="2021-08-28T05:30:36 PDT">
  <testcase classname="testcases.rediff.Session" name="doLogin" time="8.93"/>
  <testcase classname="testcases.rediff.PortfolioManagement" name="createPortfolio" time="0.009">
    <failure type="java.lang.IllegalArgumentException" message="Cannot find elements when the id is null.">
      <![CDATA[java.lang.IllegalArgumentException: Cannot find elements when the id is null.
at org.openqa.selenium.By$ById.<init>(By.java:185)
at org.openqa.selenium.By.id(By.java:51)
at Keywords.GenericKeywords.getlocator(GenericKeywords.java:253)
at Keywords.GenericKeywords.getElement(GenericKeywords.java:211)
at Keywords.GenericKeywords.click(GenericKeywords.java:80)
at testcases.rediff.PortfolioManagement.createPortfolio(PortfolioManagement.java:20)
at java.base/java.util.ArrayList.forEach(ArrayList.java:1541)
... Removed 27 stack frames]]>
    </failure>
  </testcase> <!-- createPortfolio -->
  <testcase classname="testcases.rediff.Session" name="doLogout" time="0.0">
    <ignored/>
  </testcase> <!-- doLogout -->
  <testcase classname="testbase.BaseTest" name="@BeforeTest beforeTest" time="0.0">
    <ignored/>
  </testcase> <!-- @BeforeTest beforeTest -->
  <testcase classname="testcases.rediff.PortfolioManagement" name="deletePortfolio" time="0.0">
    <ignored/>
  </testcase> <!-- deletePortfolio -->
  <testcase classname="testcases.rediff.PortfolioManagement" name="selectPortFolio" time="0.0">
    <ignored/>
  </testcase> <!-- selectPortFolio -->
  <testcase classname="testbase.BaseTest" name="@AfterTest quit" time="0.0">
    <ignored/>
  </testcase> <!-- @AfterTest quit -->
</testsuite> <!-- Create Portfolio Test -->
