<?xml version="1.0" encoding="UTF-8"?>
<!-- Generated by org.testng.reporters.JUnitXMLReporter -->
<testsuite ignored="5" hostname="DESKTOP-TQM5NJC" failures="0" tests="4" name="Add New Stock Test" time="122.969" errors="0" timestamp="2021-08-28T09:24:24 PDT">
  <testcase classname="testcases.rediff.StockManagement" name="addNewStock" time="20.363"/>
  <testcase classname="testcases.rediff.StockManagement" name="verifyStockPresent" time="3.745"/>
  <testcase classname="testcases.rediff.StockManagement" name="verifyStockQuantity" time="1.238"/>
  <testcase classname="testcases.rediff.StockManagement" name="verifyTransactionHistory" time="2.074"/>
  <testcase classname="testbase.BaseTest" name="@BeforeTest beforeTest" time="0.0">
    <ignored/>
  </testcase> <!-- @BeforeTest beforeTest -->
  <testcase classname="testcases.rediff.PortfolioManagement" name="deletePortfolio" time="0.0">
    <ignored/>
  </testcase> <!-- deletePortfolio -->
  <testcase classname="testcases.rediff.StockManagement" name="modifyStock" time="0.0">
    <ignored/>
  </testcase> <!-- modifyStock -->
  <testcase classname="testbase.BaseTest" name="@AfterTest quit" time="0.0">
    <ignored/>
  </testcase> <!-- @AfterTest quit -->
  <testcase classname="testcases.rediff.PortfolioManagement" name="createPortfolio" time="0.0">
    <ignored/>
  </testcase> <!-- createPortfolio -->
</testsuite> <!-- Add New Stock Test -->
