<?xml version="1.0" encoding="UTF-8"?>
<!-- Generated by org.testng.reporters.JUnitXMLReporter -->
<testsuite ignored="5" hostname="DESKTOP-TQM5NJC" failures="1" tests="6" name="Modify Stock Test - Sell Stock" time="102.565" errors="0" timestamp="2021-08-28T09:24:03 PDT">
  <testcase classname="testcases.rediff.PortfolioManagement" name="selectPortFolio" time="6.011"/>
  <testcase classname="testcases.rediff.PortfolioManagement" name="selectPortFolio" time="4.204"/>
  <testcase classname="testcases.rediff.StockManagement" name="verifyStockPresent" time="4.559">
    <failure type="java.lang.AssertionError" message="The following asserts failed:
	Stock Not present Birla Corporation Ltd">
      <![CDATA[java.lang.AssertionError: The following asserts failed:
Stock Not present Birla Corporation Ltd
at Keywords.GenericKeywords.assertall(GenericKeywords.java:355)
at Keywords.GenericKeywords.reportfailure(GenericKeywords.java:348)
at testcases.rediff.StockManagement.verifyStockPresent(StockManagement.java:77)
at java.base/java.util.ArrayList.forEach(ArrayList.java:1541)
at java.base/java.util.concurrent.FutureTask.run(FutureTask.java:264)
at java.base/java.util.concurrent.ThreadPoolExecutor.runWorker(ThreadPoolExecutor.java:1128)
at java.base/java.util.concurrent.ThreadPoolExecutor$Worker.run(ThreadPoolExecutor.java:628)
at java.base/java.lang.Thread.run(Thread.java:834)
... Removed 20 stack frames]]>
    </failure>
  </testcase> <!-- verifyStockPresent -->
  <testcase classname="testcases.rediff.StockManagement" name="modifyStock" time="0.0">
    <skipped/>
  </testcase> <!-- modifyStock -->
  <testcase classname="testcases.rediff.StockManagement" name="verifyStockQuantity" time="0.0">
    <skipped/>
  </testcase> <!-- verifyStockQuantity -->
  <testcase classname="testcases.rediff.StockManagement" name="verifyTransactionHistory" time="0.0">
    <skipped/>
  </testcase> <!-- verifyTransactionHistory -->
  <testcase classname="testbase.BaseTest" name="@BeforeTest beforeTest" time="0.0">
    <ignored/>
  </testcase> <!-- @BeforeTest beforeTest -->
  <testcase classname="testcases.rediff.PortfolioManagement" name="deletePortfolio" time="0.0">
    <ignored/>
  </testcase> <!-- deletePortfolio -->
  <testcase classname="testbase.BaseTest" name="@AfterTest quit" time="0.0">
    <ignored/>
  </testcase> <!-- @AfterTest quit -->
  <testcase classname="testcases.rediff.PortfolioManagement" name="createPortfolio" time="0.0">
    <ignored/>
  </testcase> <!-- createPortfolio -->
  <testcase classname="testcases.rediff.StockManagement" name="addNewStock" time="0.0">
    <ignored/>
  </testcase> <!-- addNewStock -->
</testsuite> <!-- Modify Stock Test - Sell Stock -->
