<?xml version="1.0" encoding="UTF-8"?>
<!-- Generated by org.testng.reporters.JUnitXMLReporter -->
<testsuite ignored="5" hostname="DESKTOP-TQM5NJC" failures="0" tests="5" name="Modify Stock Test - Add Stock" time="175.458" errors="0" timestamp="2021-08-28T09:25:16 PDT">
  <testcase classname="testcases.rediff.PortfolioManagement" name="selectPortFolio" time="3.071"/>
  <testcase classname="testcases.rediff.StockManagement" name="verifyStockPresent" time="0.842"/>
  <testcase classname="testcases.rediff.StockManagement" name="modifyStock" time="11.611"/>
  <testcase classname="testcases.rediff.StockManagement" name="verifyStockQuantity" time="0.959"/>
  <testcase classname="testcases.rediff.StockManagement" name="verifyTransactionHistory" time="1.995"/>
  <testcase classname="testbase.BaseTest" name="@BeforeTest beforeTest" time="0.0">
    <ignored/>
  </testcase> <!-- @BeforeTest beforeTest -->
  <testcase classname="testcases.rediff.PortfolioManagement" name="deletePortfolio" time="0.0">
    <ignored/>
  </testcase> <!-- deletePortfolio -->
  <testcase classname="testbase.BaseTest" name="@AfterTest quit" time="0.0">
    <ignored/>
  </testcase> <!-- @AfterTest quit -->
  <testcase classname="testcases.rediff.PortfolioManagement" name="createPortfolio" time="0.0">
    <ignored/>
  </testcase> <!-- createPortfolio -->
  <testcase classname="testcases.rediff.StockManagement" name="addNewStock" time="0.0">
    <ignored/>
  </testcase> <!-- addNewStock -->
</testsuite> <!-- Modify Stock Test - Add Stock -->
